<?xml version="1.0" encoding="UTF-8"?>
<testsuite name="Test1" tests="2" skipped="0" failures="0" errors="0" timestamp="2023-11-04T07:12:30" hostname="Shauryas-MacBook-Pro.local" time="0.053">
  <properties/>
  <testcase name="test1()" classname="Test1" time="0.008"/>
  <testcase name="recipeCreate()" classname="Test1" time="0.044"/>
  <system-out><![CDATA[]]></system-out>
  <system-err><![CDATA[Nov 04, 2023 12:12:30 AM com.sun.javafx.application.PlatformImpl startup
WARNING: Unsupported JavaFX configuration: classes were loaded from 'unnamed module @1921ad94'
]]></system-err>
</testsuite>
